Arguments: 
  C:\Program Files\nodejs\node.exe C:\Users\lenovo\AppData\Roaming\npm\node_modules\yarn\bin\yarn.js install

PATH: 
  C:\Program Files (x86)\Common Files\Oracle\Java\javapath;C:\ProgramData\Oracle\Java\javapath;C:\WINDOWS\system32;C:\WINDOWS;C:\WINDOWS\System32\Wbem;C:\WINDOWS\System32\WindowsPowerShell\v1.0\;C:\WINDOWS\System32\OpenSSH\;C:\Program Files\Git\cmd;C:\Program Files\nodejs\;C:\Users\lenovo\AppData\Local\Microsoft\WindowsApps;;C:\Users\lenovo\AppData\Local\Programs\Microsoft VS Code\bin;C:\Users\lenovo\AppData\Roaming\npm

Yarn version: 
  1.22.18

Node version: 
  18.2.0

Platform: 
  win32 x64

Trace: 
  Error: https://registry.yarnpkg.com/grpc/-/grpc-1.23.3.tgz: ESOCKETTIMEDOUT
      at ClientRequest.<anonymous> (C:\Users\lenovo\AppData\Roaming\npm\node_modules\yarn\lib\cli.js:141510:19)
      at Object.onceWrapper (node:events:641:28)
      at ClientRequest.emit (node:events:527:28)
      at TLSSocket.emitRequestTimeout (node:_http_client:770:9)
      at Object.onceWrapper (node:events:641:28)
      at TLSSocket.emit (node:events:539:35)
      at Socket._onTimeout (node:net:522:8)
      at listOnTimeout (node:internal/timers:564:17)
      at process.processTimers (node:internal/timers:507:7)

npm manifest: 
  {
    "name": "anjzlly",
    "version": "0.1.0",
    "private": true,
    "dependencies": {
      "firebase":"^6.2.4",
      "node-sass":"^4.12.0",
      "@testing-library/jest-dom": "^5.16.4",
      "@testing-library/react": "^13.2.0",
      "@testing-library/user-event": "^13.5.0",
      "react": "^18.1.0",
      "react-dom": "^18.1.0",
      "react-icons": "^4.3.1",
      "react-scripts": "5.0.1",
      "web-vitals": "^2.1.4"
    },
    "scripts": {
      "start": "react-scripts start",
      "build": "react-scripts build",
      "test": "react-scripts test",
      "eject": "react-scripts eject"
    },
    "browserslist": {
      "production": [
        ">0.2%",
        "not dead",
        "not op_mini all"
      ],
      "development": [
        "last 1 chrome version",
        "last 1 firefox version",
        "last 1 safari version"
      ]
    }
  }

yarn manifest: 
  No manifest

Lockfile: 
  No lockfile
